SF:lib\dynamic_routes\mixins\initiator.dart
DA:16,5
DA:17,10
DA:31,4
DA:33,4
DA:36,8
DA:39,4
DA:41,12
DA:42,4
DA:44,8
DA:48,3
DA:50,3
DA:53,0
DA:57,15
DA:59,2
DA:64,1
DA:66,1
DA:68,2
DA:71,4
DA:73,12
DA:77,0
DA:78,0
DA:82,1
DA:83,3
DA:87,2
DA:90,2
DA:92,4
DA:95,2
DA:99,2
DA:102,0
DA:105,2
DA:106,6
DA:107,0
DA:109,2
DA:114,1
DA:116,1
DA:121,1
DA:123,1
DA:124,3
LF:38
LH:33
end_of_record
SF:lib\dynamic_routes\mixins\participator.dart
DA:15,5
DA:16,10
DA:28,4
DA:29,8
DA:30,4
DA:32,4
DA:35,2
DA:36,6
DA:39,1
DA:40,3
DA:43,0
DA:44,0
DA:47,2
DA:48,8
DA:49,2
DA:52,3
DA:55,0
DA:58,6
DA:59,12
DA:61,2
DA:66,1
DA:69,0
DA:70,0
DA:73,4
DA:75,1
DA:76,0
DA:78,1
DA:83,1
DA:84,3
DA:88,0
DA:89,0
DA:93,2
DA:94,2
DA:95,8
DA:97,2
LF:35
LH:27
end_of_record
SF:lib\dynamic_routes\double_call_guard.dart
DA:28,8
DA:30,8
DA:31,4
DA:34,4
DA:38,8
DA:40,8
DA:43,6
DA:45,6
LF:8
LH:8
end_of_record
SF:lib\dynamic_routes\base_navigators.dart
DA:219,0
DA:233,4
DA:234,4
DA:237,1
DA:239,6
DA:242,2
DA:244,2
DA:245,2
DA:248,1
DA:250,1
DA:251,1
DA:254,0
DA:256,0
DA:259,4
DA:262,4
DA:263,8
DA:264,4
DA:267,4
DA:268,4
DA:272,12
DA:273,4
DA:275,4
DA:280,24
DA:282,4
DA:285,8
DA:291,4
DA:294,4
DA:299,4
DA:301,4
DA:302,3
DA:304,2
DA:306,12
DA:308,4
DA:309,12
DA:313,4
DA:316,4
DA:320,12
DA:322,8
DA:324,4
DA:325,12
DA:328,2
DA:331,2
DA:334,4
DA:336,4
DA:340,3
DA:343,3
DA:348,3
DA:352,8
DA:354,9
DA:356,3
DA:358,3
DA:362,1
DA:364,1
DA:368,1
DA:370,0
DA:375,2
DA:377,1
DA:379,2
DA:380,1
DA:383,2
DA:387,2
DA:392,2
DA:394,2
DA:397,2
DA:399,2
DA:400,1
DA:402,2
DA:403,4
DA:404,6
DA:411,2
DA:413,2
DA:416,2
DA:421,2
DA:424,2
DA:426,2
DA:427,1
DA:428,4
DA:429,4
DA:433,4
DA:434,12
DA:437,4
DA:441,4
DA:445,4
DA:452,2
DA:455,2
LF:85
LH:81
end_of_record
SF:lib\dynamic_routes\navigation_logic_provider.dart
DA:7,4
DA:19,3
DA:37,6
DA:39,4
DA:42,16
DA:43,16
DA:44,8
DA:46,3
DA:49,3
DA:51,8
DA:52,6
DA:55,8
DA:57,12
LF:13
LH:13
end_of_record
SF:lib\dynamic_routes\page_dll_data.dart
DA:3,4
DA:17,4
DA:23,2
DA:27,2
DA:28,2
DA:29,6
DA:31,2
DA:32,6
DA:36,4
DA:37,4
DA:38,4
DA:41,0
DA:42,0
DA:43,0
DA:46,4
DA:48,8
LF:16
LH:13
end_of_record
SF:lib\dynamic_routes\scoped_dynamic_routes_manager.dart
DA:9,8
DA:10,4
DA:12,4
DA:14,8
DA:31,4
DA:36,4
DA:39,8
DA:41,12
DA:42,0
DA:45,12
DA:47,12
DA:52,12
DA:58,4
DA:61,12
DA:62,4
DA:68,0
DA:73,0
DA:75,0
DA:80,0
DA:85,1
DA:89,3
DA:91,0
DA:92,0
DA:96,1
DA:99,0
DA:102,3
DA:104,3
DA:107,4
DA:111,16
DA:113,8
DA:114,12
DA:116,12
DA:120,12
DA:122,12
LF:34
LH:26
end_of_record
